# JRE version: Java(TM) SE Runtime Environment (8.0_401) (build 1.8.0_401-b10)
# Java VM: Java HotSpot(TM) 64-Bit Server VM (25.401-b10 mixed mode windows-amd64 compressed oops)
Heap:
 PSYoungGen      total 104448K, used 15378K [0x000000074b780000, 0x0000000758380000, 0x00000007c0000000)
  eden space 89600K, 17% used [0x000000074b780000,0x000000074c684810,0x0000000750f00000)
  from space 14848K, 0% used [0x0000000750f00000,0x0000000750f00000,0x0000000751d80000)
  to   space 14848K, 0% used [0x0000000757500000,0x0000000757500000,0x0000000758380000)
 ParOldGen       total 144384K, used 15250K [0x0000000662600000, 0x000000066b300000, 0x000000074b780000)
  object space 144384K, 10% used [0x0000000662600000,0x00000006634e4ab8,0x000000066b300000)
 Metaspace       used 21885K, capacity 22208K, committed 22400K, reserved 1069056K
  class space    used 2768K, capacity 2860K, committed 2944K, reserved 1048576K
GC Heap History (8 events):
Event: 0.647 GC heap before
{Heap before GC invocations=1 (full 0):
 PSYoungGen      total 104448K, used 89600K [0x000000074b780000, 0x0000000752c00000, 0x00000007c0000000)
  eden space 89600K, 100% used [0x000000074b780000,0x0000000750f00000,0x0000000750f00000)
  from space 14848K, 0% used [0x0000000751d80000,0x0000000751d80000,0x0000000752c00000)
  to   space 14848K, 0% used [0x0000000750f00000,0x0000000750f00000,0x0000000751d80000)
 ParOldGen       total 239104K, used 0K [0x0000000662600000, 0x0000000670f80000, 0x000000074b780000)
  object space 239104K, 0% used [0x0000000662600000,0x0000000662600000,0x0000000670f80000)
 Metaspace       used 12310K, capacity 12480K, committed 12672K, reserved 1060864K
  class space    used 1511K, capacity 1576K, committed 1664K, reserved 1048576K
Event: 0.653 GC heap after
Heap after GC invocations=1 (full 0):
 PSYoungGen      total 104448K, used 14291K [0x000000074b780000, 0x0000000752c00000, 0x00000007c0000000)
  eden space 89600K, 0% used [0x000000074b780000,0x000000074b780000,0x0000000750f00000)
  from space 14848K, 96% used [0x0000000750f00000,0x0000000751cf4c78,0x0000000751d80000)
  to   space 14848K, 0% used [0x0000000751d80000,0x0000000751d80000,0x0000000752c00000)
 ParOldGen       total 239104K, used 16K [0x0000000662600000, 0x0000000670f80000, 0x000000074b780000)
  object space 239104K, 0% used [0x0000000662600000,0x0000000662604000,0x0000000670f80000)
 Metaspace       used 12310K, capacity 12480K, committed 12672K, reserved 1060864K
  class space    used 1511K, capacity 1576K, committed 1664K, reserved 1048576K
}
Event: 1.519 GC heap before
{Heap before GC invocations=2 (full 0):
 PSYoungGen      total 104448K, used 103891K [0x000000074b780000, 0x0000000752c00000, 0x00000007c0000000)
  eden space 89600K, 100% used [0x000000074b780000,0x0000000750f00000,0x0000000750f00000)
  from space 14848K, 96% used [0x0000000750f00000,0x0000000751cf4c78,0x0000000751d80000)
  to   space 14848K, 0% used [0x0000000751d80000,0x0000000751d80000,0x0000000752c00000)
 ParOldGen       total 239104K, used 16K [0x0000000662600000, 0x0000000670f80000, 0x000000074b780000)
  object space 239104K, 0% used [0x0000000662600000,0x0000000662604000,0x0000000670f80000)
 Metaspace       used 20701K, capacity 20962K, committed 21248K, reserved 1067008K
  class space    used 2645K, capacity 2727K, committed 2816K, reserved 1048576K
Event: 1.531 GC heap after
Heap after GC invocations=2 (full 0):
 PSYoungGen      total 104448K, used 14827K [0x000000074b780000, 0x0000000758380000, 0x00000007c0000000)
  eden space 89600K, 0% used [0x000000074b780000,0x000000074b780000,0x0000000750f00000)
  from space 14848K, 99% used [0x0000000751d80000,0x0000000752bfacc0,0x0000000752c00000)
  to   space 14848K, 0% used [0x0000000750f00000,0x0000000750f00000,0x0000000751d80000)
 ParOldGen       total 239104K, used 7621K [0x0000000662600000, 0x0000000670f80000, 0x000000074b780000)
  object space 239104K, 3% used [0x0000000662600000,0x0000000662d717c8,0x0000000670f80000)
 Metaspace       used 20701K, capacity 20962K, committed 21248K, reserved 1067008K
  class space    used 2645K, capacity 2727K, committed 2816K, reserved 1048576K
}
Event: 1.595 GC heap before
{Heap before GC invocations=3 (full 0):
 PSYoungGen      total 104448K, used 25764K [0x000000074b780000, 0x0000000758380000, 0x00000007c0000000)
  eden space 89600K, 12% used [0x000000074b780000,0x000000074c22e440,0x0000000750f00000)
  from space 14848K, 99% used [0x0000000751d80000,0x0000000752bfacc0,0x0000000752c00000)
  to   space 14848K, 0% used [0x0000000750f00000,0x0000000750f00000,0x0000000751d80000)
 ParOldGen       total 239104K, used 7621K [0x0000000662600000, 0x0000000670f80000, 0x000000074b780000)
  object space 239104K, 3% used [0x0000000662600000,0x0000000662d717c8,0x0000000670f80000)
 Metaspace       used 20853K, capacity 21108K, committed 21248K, reserved 1067008K
  class space    used 2653K, capacity 2730K, committed 2816K, reserved 1048576K
Event: 1.602 GC heap after
Heap after GC invocations=3 (full 0):
 PSYoungGen      total 104448K, used 14827K [0x000000074b780000, 0x0000000758380000, 0x00000007c0000000)
  eden space 89600K, 0% used [0x000000074b780000,0x000000074b780000,0x0000000750f00000)
  from space 14848K, 99% used [0x0000000750f00000,0x0000000751d7aca0,0x0000000751d80000)
  to   space 14848K, 0% used [0x0000000757500000,0x0000000757500000,0x0000000758380000)
 ParOldGen       total 239104K, used 7713K [0x0000000662600000, 0x0000000670f80000, 0x000000074b780000)
  object space 239104K, 3% used [0x0000000662600000,0x0000000662d88768,0x0000000670f80000)
 Metaspace       used 20853K, capacity 21108K, committed 21248K, reserved 1067008K
  class space    used 2653K, capacity 2730K, committed 2816K, reserved 1048576K
}
Event: 1.602 GC heap before
{Heap before GC invocations=4 (full 1):
 PSYoungGen      total 104448K, used 14827K [0x000000074b780000, 0x0000000758380000, 0x00000007c0000000)
  eden space 89600K, 0% used [0x000000074b780000,0x000000074b780000,0x0000000750f00000)
  from space 14848K, 99% used [0x0000000750f00000,0x0000000751d7aca0,0x0000000751d80000)
  to   space 14848K, 0% used [0x0000000757500000,0x0000000757500000,0x0000000758380000)
 ParOldGen       total 239104K, used 7713K [0x0000000662600000, 0x0000000670f80000, 0x000000074b780000)
  object space 239104K, 3% used [0x0000000662600000,0x0000000662d88768,0x0000000670f80000)
 Metaspace       used 20853K, capacity 21108K, committed 21248K, reserved 1067008K
  class space    used 2653K, capacity 2730K, committed 2816K, reserved 1048576K
Event: 1.633 GC heap after
Heap after GC invocations=4 (full 1):
 PSYoungGen      total 104448K, used 0K [0x000000074b780000, 0x0000000758380000, 0x00000007c0000000)
  eden space 89600K, 0% used [0x000000074b780000,0x000000074b780000,0x0000000750f00000)
  from space 14848K, 0% used [0x0000000750f00000,0x0000000750f00000,0x0000000751d80000)
  to   space 14848K, 0% used [0x0000000757500000,0x0000000757500000,0x0000000758380000)
 ParOldGen       total 144384K, used 15250K [0x0000000662600000, 0x000000066b300000, 0x000000074b780000)
  object space 144384K, 10% used [0x0000000662600000,0x00000006634e4ab8,0x000000066b300000)
 Metaspace       used 20853K, capacity 21108K, committed 21248K, reserved 1067008K
  class space    used 2653K, capacity 2730K, committed 2816K, reserved 1048576K
}

